2024-11-05 00:26:14 - Starting WalletControllerWebMvcValidationTest using Java 23.0.1 with PID 20260 (started by AGorohov in D:\Projects\restwallet)%PARSER_ERROR[nr]2024-11-05 00:26:14 - No active profile set, falling back to 1 default profile: "default"%PARSER_ERROR[nr]2024-11-05 00:26:15 - Initializing Spring TestDispatcherServlet ''%PARSER_ERROR[nr]2024-11-05 00:26:15 - Initializing Servlet ''%PARSER_ERROR[nr]2024-11-05 00:26:15 - Completed initialization in 2 ms%PARSER_ERROR[nr]2024-11-05 00:26:15 - Started WalletControllerWebMvcValidationTest in 2.037 seconds (process running for 5.416)%PARSER_ERROR[nr]2024-11-05 00:26:16 - Ошибка валидации: {error=Ошибка валидации, walletId=Id кошелька не может быть пустым}%PARSER_ERROR[nr]2024-11-05 00:26:16 - Ошибка валидации: {error=Ошибка валидации, operationType=Тип операции не может быть пустым}%PARSER_ERROR[nr]2024-11-05 00:26:16 - Ошибка валидации: {error=Ошибка валидации, amount=Количество средств для операции не может быть пустым}%PARSER_ERROR[nr]2024-11-05 00:26:16 - Ошибка валидации: {error=Ошибка валидации, amount=Количество средств для операции должно быть больше 0}%PARSER_ERROR[nr]2024-11-05 00:26:16 - Метод deposit был вызван с параметрами 1bed3cdb-f585-4e00-84d4-8a4aeb8553ec и 350%PARSER_ERROR[nr]2024-11-05 00:26:16 - Метод findById был вызван с параметром 1bed3cdb-f585-4e00-84d4-8a4aeb8553ec%PARSER_ERROR[nr]2024-11-05 00:26:16 - Метод withdraw был вызван с параметрами 1c31e195-ef7e-42c9-ba05-4118e4a151d3 и 350%PARSER_ERROR[nr]2024-11-05 00:26:16 - Метод findById был вызван с параметром 1c31e195-ef7e-42c9-ba05-4118e4a151d3%PARSER_ERROR[nr]2024-11-05 00:26:16 - Метод withdraw был вызван с параметрами 0ff25552-fb77-4aa2-b1fd-ce3953f087d9 и 1001%PARSER_ERROR[nr]2024-11-05 00:26:16 - Метод findById был вызван с параметром 0ff25552-fb77-4aa2-b1fd-ce3953f087d9%PARSER_ERROR[nr]2024-11-05 00:26:16 - Метод deposit был вызван с параметрами 9066ec8a-4595-4e41-8c08-34bb5d9139ee и null%PARSER_ERROR[nr]2024-11-05 00:26:16 - Метод findById был вызван с параметром 9066ec8a-4595-4e41-8c08-34bb5d9139ee%PARSER_ERROR[nr]2024-11-05 00:26:16 - Метод withdraw был вызван с параметрами a442b891-ac1b-459d-a7e0-5355559a58cd и null%PARSER_ERROR[nr]2024-11-05 00:26:16 - Метод findById был вызван с параметром a442b891-ac1b-459d-a7e0-5355559a58cd%PARSER_ERROR[nr]2024-11-05 00:26:16 - Метод findById был вызван с параметром b3d88f09-7f92-4ce1-8e92-5dc2173444d5%PARSER_ERROR[nr]2024-11-05 00:26:16 - Метод deposit был вызван с параметрами fd88416e-f113-4c3c-84dd-5bf73e986afa и 99999999999999999%PARSER_ERROR[nr]2024-11-05 00:26:16 - Метод findById был вызван с параметром fd88416e-f113-4c3c-84dd-5bf73e986afa%PARSER_ERROR[nr]2024-11-05 00:26:16 - Метод findById был вызван с параметром e41b161d-bdcc-4f45-8c5e-b98a28ef2f6b%PARSER_ERROR[nr]2024-11-05 00:29:18 - Starting WalletControllerWebMvcValidationTest using Java 23.0.1 with PID 16776 (started by AGorohov in D:\Projects\restwallet)%PARSER_ERROR[nr]2024-11-05 00:29:18 - No active profile set, falling back to 1 default profile: "default"%PARSER_ERROR[nr]2024-11-05 00:29:20 - Initializing Spring TestDispatcherServlet ''%PARSER_ERROR[nr]2024-11-05 00:29:20 - Initializing Servlet ''%PARSER_ERROR[nr]2024-11-05 00:29:20 - Completed initialization in 2 ms%PARSER_ERROR[nr]2024-11-05 00:29:20 - Started WalletControllerWebMvcValidationTest in 2.444 seconds (process running for 5.763)%PARSER_ERROR[nr]2024-11-05 00:29:20 - Ошибка валидации: {error=Ошибка валидации, walletId=Id кошелька не может быть пустым}%PARSER_ERROR[nr]2024-11-05 00:29:20 - Ошибка валидации: {error=Ошибка валидации, operationType=Тип операции не может быть пустым}%PARSER_ERROR[nr]2024-11-05 00:29:20 - Ошибка валидации: {error=Ошибка валидации, amount=Количество средств для операции не может быть пустым}%PARSER_ERROR[nr]2024-11-05 00:29:20 - Ошибка валидации: {error=Ошибка валидации, amount=Количество средств для операции должно быть больше 0}%PARSER_ERROR[nr]2024-11-05 00:29:20 - Метод deposit был вызван с параметрами 31d71070-4258-4c46-aa47-673ed5ecd1db и 350%PARSER_ERROR[nr]2024-11-05 00:29:20 - Метод findById был вызван с параметром 31d71070-4258-4c46-aa47-673ed5ecd1db%PARSER_ERROR[nr]2024-11-05 00:29:20 - Метод withdraw был вызван с параметрами 0d728f05-48c6-43a8-9894-8fb9e16e143c и 350%PARSER_ERROR[nr]2024-11-05 00:29:20 - Метод findById был вызван с параметром 0d728f05-48c6-43a8-9894-8fb9e16e143c%PARSER_ERROR[nr]2024-11-05 00:29:20 - Метод withdraw был вызван с параметрами 1abb9919-e77f-41d4-8fc9-d9cb45d9e6e6 и 1001%PARSER_ERROR[nr]2024-11-05 00:29:20 - Метод findById был вызван с параметром 1abb9919-e77f-41d4-8fc9-d9cb45d9e6e6%PARSER_ERROR[nr]2024-11-05 00:29:20 - Метод deposit был вызван с параметрами 310d4519-0a61-4a63-b49c-77af30f036f2 и null%PARSER_ERROR[nr]2024-11-05 00:29:20 - Метод findById был вызван с параметром 310d4519-0a61-4a63-b49c-77af30f036f2%PARSER_ERROR[nr]2024-11-05 00:29:20 - Метод withdraw был вызван с параметрами d0d8821b-455a-4cad-8008-fc18b1390615 и null%PARSER_ERROR[nr]2024-11-05 00:29:20 - Метод findById был вызван с параметром d0d8821b-455a-4cad-8008-fc18b1390615%PARSER_ERROR[nr]2024-11-05 00:29:20 - Метод findById был вызван с параметром 59741500-12b3-4cc6-932a-436f9bfda40e%PARSER_ERROR[nr]2024-11-05 00:29:20 - Метод deposit был вызван с параметрами f1553150-4a11-4854-bd13-3409c97d5e44 и 99999999999999999%PARSER_ERROR[nr]2024-11-05 00:29:20 - Метод findById был вызван с параметром f1553150-4a11-4854-bd13-3409c97d5e44%PARSER_ERROR[nr]2024-11-05 00:29:20 - Метод findById был вызван с параметром be9cf0b8-70b6-44ff-8df6-6fa8724c447f%PARSER_ERROR[nr]2024-11-05 00:36:31 - Starting WalletControllerWebMvcValidationTest using Java 23.0.1 with PID 20260 (started by AGorohov in D:\Projects\restwallet)%PARSER_ERROR[nr]2024-11-05 00:36:31 - No active profile set, falling back to 1 default profile: "default"%PARSER_ERROR[nr]2024-11-05 00:36:32 - Initializing Spring TestDispatcherServlet ''%PARSER_ERROR[nr]2024-11-05 00:36:32 - Initializing Servlet ''%PARSER_ERROR[nr]2024-11-05 00:36:32 - Completed initialization in 1 ms%PARSER_ERROR[nr]2024-11-05 00:36:32 - Started WalletControllerWebMvcValidationTest in 1.883 seconds (process running for 4.961)%PARSER_ERROR[nr]2024-11-05 00:36:32 - Ошибка валидации: {error=Ошибка валидации, walletId=Id кошелька не может быть пустым}%PARSER_ERROR[nr]2024-11-05 00:36:32 - Ошибка валидации: {error=Ошибка валидации, operationType=Тип операции не может быть пустым}%PARSER_ERROR[nr]2024-11-05 00:36:32 - Ошибка валидации: {error=Ошибка валидации, amount=Количество средств для операции не может быть пустым}%PARSER_ERROR[nr]2024-11-05 00:36:32 - Ошибка валидации: {error=Ошибка валидации, amount=Количество средств для операции должно быть больше 0}%PARSER_ERROR[nr]2024-11-05 00:36:33 - Метод deposit был вызван с параметрами b8652f3d-f481-41f6-b70a-28933381a154 и 350%PARSER_ERROR[nr]2024-11-05 00:36:33 - Метод findById был вызван с параметром b8652f3d-f481-41f6-b70a-28933381a154%PARSER_ERROR[nr]2024-11-05 00:36:33 - Метод withdraw был вызван с параметрами bb4102d0-9678-4068-a5ae-dcb6ad05a2c4 и 350%PARSER_ERROR[nr]2024-11-05 00:36:33 - Метод findById был вызван с параметром bb4102d0-9678-4068-a5ae-dcb6ad05a2c4%PARSER_ERROR[nr]2024-11-05 00:36:33 - Метод withdraw был вызван с параметрами a210275b-59d2-4a62-8ae8-e3561d0aba4a и 1001%PARSER_ERROR[nr]2024-11-05 00:36:33 - Метод findById был вызван с параметром a210275b-59d2-4a62-8ae8-e3561d0aba4a%PARSER_ERROR[nr]2024-11-05 00:36:33 - Метод deposit был вызван с параметрами 6719207d-c3ca-461c-8949-4924d85056e8 и null%PARSER_ERROR[nr]2024-11-05 00:36:33 - Метод findById был вызван с параметром 6719207d-c3ca-461c-8949-4924d85056e8%PARSER_ERROR[nr]2024-11-05 00:36:33 - Метод withdraw был вызван с параметрами 006ed1fb-1da0-43ff-bc01-9ca8ef182fb5 и null%PARSER_ERROR[nr]2024-11-05 00:36:33 - Метод findById был вызван с параметром 006ed1fb-1da0-43ff-bc01-9ca8ef182fb5%PARSER_ERROR[nr]2024-11-05 00:36:33 - Метод findById был вызван с параметром 5fbcdfa8-46d5-457b-887c-3b83136a5b0c%PARSER_ERROR[nr]2024-11-05 00:36:33 - Метод deposit был вызван с параметрами 61b960b4-93d7-48b7-a46f-3ba86d76622c и 99999999999999999%PARSER_ERROR[nr]2024-11-05 00:36:33 - Метод findById был вызван с параметром 61b960b4-93d7-48b7-a46f-3ba86d76622c%PARSER_ERROR[nr]2024-11-05 00:36:33 - Метод findById был вызван с параметром 212ebfb8-cbaa-4abf-8b9d-c07e989f6955%PARSER_ERROR[nr]2024-11-05 00:39:33 - Starting WalletControllerWebMvcValidationTest using Java 23.0.1 with PID 14212 (started by AGorohov in D:\Projects\restwallet)%PARSER_ERROR[nr]2024-11-05 00:39:33 - No active profile set, falling back to 1 default profile: "default"%PARSER_ERROR[nr]2024-11-05 00:39:34 - Initializing Spring TestDispatcherServlet ''%PARSER_ERROR[nr]2024-11-05 00:39:34 - Initializing Servlet ''%PARSER_ERROR[nr]2024-11-05 00:39:34 - Completed initialization in 2 ms%PARSER_ERROR[nr]2024-11-05 00:39:34 - Started WalletControllerWebMvcValidationTest in 2.171 seconds (process running for 5.519)%PARSER_ERROR[nr]2024-11-05 00:39:35 - Ошибка валидации: {error=Ошибка валидации, walletId=Id кошелька не может быть пустым}%PARSER_ERROR[nr]2024-11-05 00:39:35 - Ошибка валидации: {error=Ошибка валидации, operationType=Тип операции не может быть пустым}%PARSER_ERROR[nr]2024-11-05 00:39:35 - Ошибка валидации: {error=Ошибка валидации, amount=Количество средств для операции не может быть пустым}%PARSER_ERROR[nr]2024-11-05 00:39:35 - Ошибка валидации: {error=Ошибка валидации, amount=Количество средств для операции должно быть больше 0}%PARSER_ERROR[nr]2024-11-05 00:39:35 - Метод deposit был вызван с параметрами 124bdf8a-1fa9-49cf-b834-309a19f3110f и 350%PARSER_ERROR[nr]2024-11-05 00:39:35 - Метод findById был вызван с параметром 124bdf8a-1fa9-49cf-b834-309a19f3110f%PARSER_ERROR[nr]2024-11-05 00:39:35 - Метод withdraw был вызван с параметрами 36cd52e2-9bb9-4979-a251-a15ff4b3bd5a и 350%PARSER_ERROR[nr]2024-11-05 00:39:35 - Метод findById был вызван с параметром 36cd52e2-9bb9-4979-a251-a15ff4b3bd5a%PARSER_ERROR[nr]2024-11-05 00:39:35 - Метод withdraw был вызван с параметрами 2d86e6d0-ad49-452f-b2c4-90de8eee9c38 и 1001%PARSER_ERROR[nr]2024-11-05 00:39:35 - Метод findById был вызван с параметром 2d86e6d0-ad49-452f-b2c4-90de8eee9c38%PARSER_ERROR[nr]2024-11-05 00:39:35 - Метод deposit был вызван с параметрами e1d4dd7e-be22-440f-a313-47d3d7da44cd и null%PARSER_ERROR[nr]2024-11-05 00:39:35 - Метод findById был вызван с параметром e1d4dd7e-be22-440f-a313-47d3d7da44cd%PARSER_ERROR[nr]2024-11-05 00:39:35 - Метод withdraw был вызван с параметрами da29516b-bd22-49af-860c-43a3b64b8d1c и null%PARSER_ERROR[nr]2024-11-05 00:39:35 - Метод findById был вызван с параметром da29516b-bd22-49af-860c-43a3b64b8d1c%PARSER_ERROR[nr]2024-11-05 00:39:35 - Метод findById был вызван с параметром 79a63e20-3a78-4fc7-a495-e883c48b4f7a%PARSER_ERROR[nr]2024-11-05 00:39:35 - Метод deposit был вызван с параметрами 761dbf3c-3c16-4f05-936a-76e9e7eeb95f и 99999999999999999%PARSER_ERROR[nr]2024-11-05 00:39:35 - Метод findById был вызван с параметром 761dbf3c-3c16-4f05-936a-76e9e7eeb95f%PARSER_ERROR[nr]2024-11-05 00:39:35 - Метод findById был вызван с параметром 3460ba4d-112d-431b-bec3-b22ecf42cee8%PARSER_ERROR[nr]2024-11-05 00:48:45 - Starting WalletControllerWebMvcValidationTest using Java 23.0.1 with PID 12684 (started by AGorohov in D:\Projects\restwallet)
2024-11-05 00:48:45 - No active profile set, falling back to 1 default profile: "default"
2024-11-05 00:48:46 - Initializing Spring TestDispatcherServlet ''
2024-11-05 00:48:46 - Initializing Servlet ''
2024-11-05 00:48:46 - Completed initialization in 2 ms
2024-11-05 00:48:46 - Started WalletControllerWebMvcValidationTest in 1.927 seconds (process running for 4.448)
2024-11-05 00:48:47 - Ошибка валидации: {error=Ошибка валидации, walletId=Id кошелька не может быть пустым}
2024-11-05 00:48:47 - Ошибка валидации: {error=Ошибка валидации, operationType=Тип операции не может быть пустым}
2024-11-05 00:48:47 - Ошибка валидации: {error=Ошибка валидации, amount=Количество средств для операции не может быть пустым}
2024-11-05 00:48:47 - Ошибка валидации: {error=Ошибка валидации, amount=Количество средств для операции должно быть больше 0}
2024-11-05 00:48:47 - Метод deposit был вызван с параметрами b28d4ee5-a45b-4e7c-848a-1eb8718f5b74 и 350
2024-11-05 00:48:47 - Метод findById был вызван с параметром b28d4ee5-a45b-4e7c-848a-1eb8718f5b74
2024-11-05 00:48:47 - Метод withdraw был вызван с параметрами 5eb272ed-9b12-4204-9f98-6097a074e404 и 350
2024-11-05 00:48:47 - Метод findById был вызван с параметром 5eb272ed-9b12-4204-9f98-6097a074e404
2024-11-05 00:48:47 - Метод withdraw был вызван с параметрами 3670e7a0-e34a-46c8-8b35-2a15f4f2a72f и 1001
2024-11-05 00:48:47 - Метод findById был вызван с параметром 3670e7a0-e34a-46c8-8b35-2a15f4f2a72f
2024-11-05 00:48:47 - Метод deposit был вызван с параметрами 41296502-41a6-4c1a-b210-c136c218b345 и null
2024-11-05 00:48:47 - Метод findById был вызван с параметром 41296502-41a6-4c1a-b210-c136c218b345
2024-11-05 00:48:47 - Метод withdraw был вызван с параметрами e29b6fb1-b7ed-4f1b-bd5c-609f2092a336 и null
2024-11-05 00:48:47 - Метод findById был вызван с параметром e29b6fb1-b7ed-4f1b-bd5c-609f2092a336
2024-11-05 00:48:47 - Метод findById был вызван с параметром effe8602-6b86-493d-a50d-17c5c8914cee
2024-11-05 00:48:47 - Метод deposit был вызван с параметрами 1c552e32-3674-4d57-b1ce-78924ca0881c и 99999999999999999
2024-11-05 00:48:47 - Метод findById был вызван с параметром 1c552e32-3674-4d57-b1ce-78924ca0881c
2024-11-05 00:48:47 - Метод findById был вызван с параметром be2463f2-cc68-4911-b90d-cd43346c7e7f
2024-11-05 09:09:12 - Starting WalletControllerWebMvcValidationTest using Java 23.0.1 with PID 20348 (started by AGorohov in D:\Projects\restwallet)
2024-11-05 09:09:12 - No active profile set, falling back to 1 default profile: "default"
2024-11-05 09:09:13 - Initializing Spring TestDispatcherServlet ''
2024-11-05 09:09:13 - Initializing Servlet ''
2024-11-05 09:09:13 - Completed initialization in 2 ms
2024-11-05 09:09:13 - Started WalletControllerWebMvcValidationTest in 1.921 seconds (process running for 4.622)
2024-11-05 09:09:14 - Ошибка валидации: {error=Ошибка валидации, walletId=Id кошелька не может быть пустым}
2024-11-05 09:09:14 - Ошибка валидации: {error=Ошибка валидации, operationType=Тип операции не может быть пустым}
2024-11-05 09:09:14 - Ошибка валидации: {error=Ошибка валидации, amount=Количество средств для операции не может быть пустым}
2024-11-05 09:09:14 - Ошибка валидации: {error=Ошибка валидации, amount=Количество средств для операции должно быть больше 0}
2024-11-05 09:09:14 - Метод deposit был вызван с параметрами ba90937b-b853-4525-812b-ee9b065baacf и 350
2024-11-05 09:09:14 - Метод findById был вызван с параметром ba90937b-b853-4525-812b-ee9b065baacf
2024-11-05 09:09:14 - Метод withdraw был вызван с параметрами 71d45479-f541-4493-8ed6-aed74abafd62 и 350
2024-11-05 09:09:14 - Метод findById был вызван с параметром 71d45479-f541-4493-8ed6-aed74abafd62
2024-11-05 09:09:14 - Метод withdraw был вызван с параметрами e0247893-b30b-4a36-aeac-5093510db7c8 и 1001
2024-11-05 09:09:14 - Метод findById был вызван с параметром e0247893-b30b-4a36-aeac-5093510db7c8
2024-11-05 09:09:14 - Метод deposit был вызван с параметрами a9f50a98-0e04-43b5-8cb1-db7b437eefe7 и null
2024-11-05 09:09:14 - Метод findById был вызван с параметром a9f50a98-0e04-43b5-8cb1-db7b437eefe7
2024-11-05 09:09:14 - Метод withdraw был вызван с параметрами c089346d-0346-4a31-89e2-ae2c03073dbe и null
2024-11-05 09:09:14 - Метод findById был вызван с параметром c089346d-0346-4a31-89e2-ae2c03073dbe
2024-11-05 09:09:14 - Метод findById был вызван с параметром e9feea3c-0dcf-49fe-a9ac-0f431e9886fc
2024-11-05 09:09:14 - Метод deposit был вызван с параметрами 64c06744-c0bc-4094-a370-e333b6e533fe и 99999999999999999
2024-11-05 09:09:14 - Метод findById был вызван с параметром 64c06744-c0bc-4094-a370-e333b6e533fe
2024-11-05 09:09:14 - Метод findById был вызван с параметром 6291fee4-ca80-4559-b373-0bfc96cab5d2
2024-11-05 09:13:57 - Starting WalletControllerWebMvcValidationTest using Java 23.0.1 with PID 22852 (started by AGorohov in D:\Projects\restwallet)
2024-11-05 09:13:57 - No active profile set, falling back to 1 default profile: "default"
2024-11-05 09:13:58 - Initializing Spring TestDispatcherServlet ''
2024-11-05 09:13:58 - Initializing Servlet ''
2024-11-05 09:13:58 - Completed initialization in 2 ms
2024-11-05 09:13:58 - Started WalletControllerWebMvcValidationTest in 2.014 seconds (process running for 4.281)
2024-11-05 09:13:59 - Ошибка валидации: {error=Ошибка валидации, walletId=Id кошелька не может быть пустым}
2024-11-05 09:13:59 - Ошибка валидации: {error=Ошибка валидации, operationType=Тип операции не может быть пустым}
2024-11-05 09:13:59 - Ошибка валидации: {error=Ошибка валидации, amount=Количество средств для операции не может быть пустым}
2024-11-05 09:13:59 - Ошибка валидации: {error=Ошибка валидации, amount=Количество средств для операции должно быть больше 0}
2024-11-05 09:13:59 - Метод deposit был вызван с параметрами 8b67f71b-bfe3-47f5-b78c-946e9cb5ba8f и 350
2024-11-05 09:13:59 - Метод findById был вызван с параметром 8b67f71b-bfe3-47f5-b78c-946e9cb5ba8f
2024-11-05 09:13:59 - Метод withdraw был вызван с параметрами 1d888cf4-70b5-436d-a62d-94044c71d5c5 и 350
2024-11-05 09:13:59 - Метод findById был вызван с параметром 1d888cf4-70b5-436d-a62d-94044c71d5c5
2024-11-05 09:13:59 - Метод withdraw был вызван с параметрами 09c360c2-4dcc-4a02-bbc5-f713b7e21d87 и 1001
2024-11-05 09:13:59 - Метод findById был вызван с параметром 09c360c2-4dcc-4a02-bbc5-f713b7e21d87
2024-11-05 09:13:59 - Метод deposit был вызван с параметрами 4ffc471f-e11b-4718-9daa-c5f3bb0ce2d9 и null
2024-11-05 09:13:59 - Метод findById был вызван с параметром 4ffc471f-e11b-4718-9daa-c5f3bb0ce2d9
2024-11-05 09:13:59 - Метод withdraw был вызван с параметрами 14c064bb-e29f-403f-a169-f28be5cd1ad9 и null
2024-11-05 09:13:59 - Метод findById был вызван с параметром 14c064bb-e29f-403f-a169-f28be5cd1ad9
2024-11-05 09:13:59 - Метод findById был вызван с параметром 149ffdaa-e578-4c7a-9794-359be9914fbb
2024-11-05 09:13:59 - Метод deposit был вызван с параметрами 506e0123-3dea-45b9-a62d-e798fa974dd7 и 99999999999999999
2024-11-05 09:13:59 - Метод findById был вызван с параметром 506e0123-3dea-45b9-a62d-e798fa974dd7
2024-11-05 09:13:59 - Метод findById был вызван с параметром 00c67a08-f7bd-49fe-8055-e8932f9e6030
2024-11-05 09:53:30 - Starting WalletControllerWebMvcValidationTest using Java 23.0.1 with PID 37360 (started by AGorohov in D:\Projects\restwallet)
2024-11-05 09:53:30 - No active profile set, falling back to 1 default profile: "default"
2024-11-05 09:53:31 - Initializing Spring TestDispatcherServlet ''
2024-11-05 09:53:31 - Initializing Servlet ''
2024-11-05 09:53:31 - Completed initialization in 1 ms
2024-11-05 09:53:31 - Started WalletControllerWebMvcValidationTest in 1.792 seconds (process running for 4.167)
2024-11-05 09:53:31 - Ошибка валидации: {error=Ошибка валидации, walletId=Id кошелька не может быть пустым}
2024-11-05 09:53:31 - Ошибка валидации: {error=Ошибка валидации, operationType=Тип операции не может быть пустым}
2024-11-05 09:53:31 - Ошибка валидации: {error=Ошибка валидации, amount=Количество средств для операции не может быть пустым}
2024-11-05 09:53:32 - Ошибка валидации: {error=Ошибка валидации, amount=Количество средств для операции должно быть больше 0}
2024-11-05 09:53:32 - Метод deposit был вызван с параметрами d98c46b4-1442-417f-a25e-65abdcbfe50c и 350
2024-11-05 09:53:32 - Метод findById был вызван с параметром d98c46b4-1442-417f-a25e-65abdcbfe50c
2024-11-05 09:53:32 - Метод withdraw был вызван с параметрами 5501af06-d0bc-4cfa-9ed5-a81e82633b7e и 350
2024-11-05 09:53:32 - Метод findById был вызван с параметром 5501af06-d0bc-4cfa-9ed5-a81e82633b7e
2024-11-05 09:53:32 - Метод withdraw был вызван с параметрами 13816635-f542-457c-b4d5-0bdbee19eeb4 и 1001
2024-11-05 09:53:32 - Метод findById был вызван с параметром 13816635-f542-457c-b4d5-0bdbee19eeb4
2024-11-05 09:53:32 - Метод deposit был вызван с параметрами 3cc7b9c0-b257-4780-a5ee-87818b4b4781 и null
2024-11-05 09:53:32 - Метод findById был вызван с параметром 3cc7b9c0-b257-4780-a5ee-87818b4b4781
2024-11-05 09:53:32 - Метод withdraw был вызван с параметрами ccf37d14-9539-415f-9f44-660600a37ea4 и null
2024-11-05 09:53:32 - Метод findById был вызван с параметром ccf37d14-9539-415f-9f44-660600a37ea4
2024-11-05 09:53:32 - Метод findById был вызван с параметром 221b9fc8-0835-449e-b5be-d68cfca28ac6
2024-11-05 09:53:32 - Метод deposit был вызван с параметрами 6b208020-ec50-4e31-84bc-720c950501b8 и 99999999999999999
2024-11-05 09:53:32 - Метод findById был вызван с параметром 6b208020-ec50-4e31-84bc-720c950501b8
2024-11-05 09:53:32 - Метод findById был вызван с параметром 419f0cee-24dd-4dbe-b2eb-305d617ee331
2024-11-05 10:05:41 - Starting WalletControllerWebMvcValidationTest using Java 23.0.1 with PID 21712 (started by AGorohov in D:\Projects\restwallet)
2024-11-05 10:05:41 - No active profile set, falling back to 1 default profile: "default"
2024-11-05 10:05:43 - Initializing Spring TestDispatcherServlet ''
2024-11-05 10:05:43 - Initializing Servlet ''
2024-11-05 10:05:43 - Completed initialization in 2 ms
2024-11-05 10:05:43 - Started WalletControllerWebMvcValidationTest in 1.764 seconds (process running for 4.036)
2024-11-05 10:05:43 - Ошибка валидации: {error=Ошибка валидации, walletId=Id кошелька не может быть пустым}
2024-11-05 10:05:43 - Ошибка валидации: {error=Ошибка валидации, operationType=Тип операции не может быть пустым}
2024-11-05 10:05:43 - Ошибка валидации: {error=Ошибка валидации, amount=Количество средств для операции не может быть пустым}
2024-11-05 10:05:43 - Ошибка валидации: {error=Ошибка валидации, amount=Количество средств для операции должно быть больше 0}
2024-11-05 10:05:43 - Метод deposit был вызван с параметрами b0f2c569-d3ed-4807-8e9d-6b80e63ad853 и 350
2024-11-05 10:05:43 - Метод findById был вызван с параметром b0f2c569-d3ed-4807-8e9d-6b80e63ad853
2024-11-05 10:05:43 - Метод withdraw был вызван с параметрами ce8e82c9-11d0-43c2-8f98-19897c22ab5f и 350
2024-11-05 10:05:43 - Метод findById был вызван с параметром ce8e82c9-11d0-43c2-8f98-19897c22ab5f
2024-11-05 10:05:43 - Метод withdraw был вызван с параметрами 51671175-0616-47aa-b780-c4b4733a3230 и 1001
2024-11-05 10:05:43 - Метод findById был вызван с параметром 51671175-0616-47aa-b780-c4b4733a3230
2024-11-05 10:05:43 - Метод deposit был вызван с параметрами 8d51b9d0-553b-4ca1-9783-2513ff7983a9 и null
2024-11-05 10:05:43 - Метод findById был вызван с параметром 8d51b9d0-553b-4ca1-9783-2513ff7983a9
2024-11-05 10:05:43 - Метод withdraw был вызван с параметрами 4d28795e-6dcf-4148-8bf5-2695a69a146c и null
2024-11-05 10:05:43 - Метод findById был вызван с параметром 4d28795e-6dcf-4148-8bf5-2695a69a146c
2024-11-05 10:05:43 - Метод findById был вызван с параметром 9564a7a3-1855-43e5-bcbd-3ab3c7ccd726
2024-11-05 10:05:43 - Метод deposit был вызван с параметрами 35bc4886-5fce-418d-ad72-dc2a60a7ae18 и 99999999999999999
2024-11-05 10:05:43 - Метод findById был вызван с параметром 35bc4886-5fce-418d-ad72-dc2a60a7ae18
2024-11-05 10:05:43 - Метод findById был вызван с параметром 83948b6c-b960-43e4-91f5-928171a835c8
2024-11-05 10:20:35 - Starting WalletControllerWebMvcValidationTest using Java 23.0.1 with PID 6372 (started by AGorohov in D:\Projects\restwallet)
2024-11-05 10:20:35 - No active profile set, falling back to 1 default profile: "default"
2024-11-05 10:20:36 - Initializing Spring TestDispatcherServlet ''
2024-11-05 10:20:36 - Initializing Servlet ''
2024-11-05 10:20:36 - Completed initialization in 3 ms
2024-11-05 10:20:36 - Started WalletControllerWebMvcValidationTest in 2.1 seconds (process running for 4.678)
2024-11-05 10:20:37 - Ошибка валидации: {error=Ошибка валидации, walletId=Id кошелька не может быть пустым}
2024-11-05 10:20:37 - Ошибка валидации: {error=Ошибка валидации, operationType=Тип операции не может быть пустым}
2024-11-05 10:20:37 - Ошибка валидации: {error=Ошибка валидации, amount=Количество средств для операции не может быть пустым}
2024-11-05 10:20:37 - Ошибка валидации: {error=Ошибка валидации, amount=Количество средств для операции должно быть больше 0}
2024-11-05 10:20:37 - Метод deposit был вызван с параметрами 7b5e1636-219c-4875-9a38-b8b2bc74f19e и 350
2024-11-05 10:20:37 - Метод findById был вызван с параметром 7b5e1636-219c-4875-9a38-b8b2bc74f19e
2024-11-05 10:20:37 - Метод withdraw был вызван с параметрами 6452769c-cd70-4408-810f-a96fa7594d41 и 350
2024-11-05 10:20:37 - Метод findById был вызван с параметром 6452769c-cd70-4408-810f-a96fa7594d41
2024-11-05 10:20:37 - Метод withdraw был вызван с параметрами 91d71add-153f-457f-9a2b-a6ddf6c86130 и 1001
2024-11-05 10:20:37 - Метод findById был вызван с параметром 91d71add-153f-457f-9a2b-a6ddf6c86130
2024-11-05 10:20:37 - Метод deposit был вызван с параметрами 4973c9f3-c19e-4715-9239-7efb0bbe718f и null
2024-11-05 10:20:37 - Метод findById был вызван с параметром 4973c9f3-c19e-4715-9239-7efb0bbe718f
2024-11-05 10:20:37 - Метод withdraw был вызван с параметрами c1451ac1-ff7c-4e0d-b29f-8996ffb08714 и null
2024-11-05 10:20:37 - Метод findById был вызван с параметром c1451ac1-ff7c-4e0d-b29f-8996ffb08714
2024-11-05 10:20:37 - Метод findById был вызван с параметром 6f01026e-84f4-4b3c-b5a5-65b88b6d3a00
2024-11-05 10:20:37 - Метод deposit был вызван с параметрами 4662b2b0-30cf-4d23-af17-1b2faed3bb69 и 99999999999999999
2024-11-05 10:20:37 - Метод findById был вызван с параметром 4662b2b0-30cf-4d23-af17-1b2faed3bb69
2024-11-05 10:20:37 - Метод findById был вызван с параметром cb5cad8b-33c8-4600-9e6d-94aa5af8b7f9
2024-11-05 10:40:06 - Starting WalletControllerWebMvcValidationTest using Java 23.0.1 with PID 14256 (started by AGorohov in D:\Projects\restwallet)
2024-11-05 10:40:06 - No active profile set, falling back to 1 default profile: "default"
2024-11-05 10:40:07 - Initializing Spring TestDispatcherServlet ''
2024-11-05 10:40:07 - Initializing Servlet ''
2024-11-05 10:40:07 - Completed initialization in 2 ms
2024-11-05 10:40:08 - Started WalletControllerWebMvcValidationTest in 2.064 seconds (process running for 4.54)
2024-11-05 10:40:08 - Ошибка валидации: {error=Ошибка валидации, walletId=Id кошелька не может быть пустым}
2024-11-05 10:40:08 - Ошибка валидации: {error=Ошибка валидации, operationType=Тип операции не может быть пустым}
2024-11-05 10:40:08 - Ошибка валидации: {error=Ошибка валидации, amount=Количество средств для операции не может быть пустым}
2024-11-05 10:40:08 - Ошибка валидации: {error=Ошибка валидации, amount=Количество средств для операции должно быть больше 0}
2024-11-05 10:40:08 - Метод deposit был вызван с параметрами 9e640037-800e-4379-a5b5-144b9cbda413 и 350
2024-11-05 10:40:08 - Метод findById был вызван с параметром 9e640037-800e-4379-a5b5-144b9cbda413
2024-11-05 10:40:08 - Метод withdraw был вызван с параметрами dcb15a58-08ea-43a9-bff0-432a9f2f95ee и 350
2024-11-05 10:40:08 - Метод findById был вызван с параметром dcb15a58-08ea-43a9-bff0-432a9f2f95ee
2024-11-05 10:40:08 - Метод withdraw был вызван с параметрами 300cd8c3-c861-49b3-9bcb-c02ae0a3780d и 1001
2024-11-05 10:40:08 - Метод findById был вызван с параметром 300cd8c3-c861-49b3-9bcb-c02ae0a3780d
2024-11-05 10:40:08 - Метод deposit был вызван с параметрами 891c845d-f8db-4adc-8701-e551d4e00830 и null
2024-11-05 10:40:08 - Метод findById был вызван с параметром 891c845d-f8db-4adc-8701-e551d4e00830
2024-11-05 10:40:08 - Метод withdraw был вызван с параметрами 7d5617f3-5a52-4926-8e46-2058e16d3ddb и null
2024-11-05 10:40:08 - Метод findById был вызван с параметром 7d5617f3-5a52-4926-8e46-2058e16d3ddb
2024-11-05 10:40:08 - Метод findById был вызван с параметром a4947e9d-378c-4106-990b-e5de8f29a08b
2024-11-05 10:40:08 - Метод deposit был вызван с параметрами 9a5a843d-1de6-4170-b2c8-24c9ae23e35c и 99999999999999999
2024-11-05 10:40:08 - Метод findById был вызван с параметром 9a5a843d-1de6-4170-b2c8-24c9ae23e35c
2024-11-05 10:40:08 - Метод findById был вызван с параметром bce76d67-26ec-4481-8aaa-d6f551b6cb37
2024-11-05 10:43:01 - Starting WalletControllerWebMvcValidationTest using Java 23.0.1 with PID 23864 (started by AGorohov in D:\Projects\restwallet)
2024-11-05 10:43:01 - No active profile set, falling back to 1 default profile: "default"
2024-11-05 10:43:02 - Initializing Spring TestDispatcherServlet ''
2024-11-05 10:43:02 - Initializing Servlet ''
2024-11-05 10:43:02 - Completed initialization in 2 ms
2024-11-05 10:43:02 - Started WalletControllerWebMvcValidationTest in 1.709 seconds (process running for 4.008)
2024-11-05 10:43:02 - Ошибка валидации: {error=Ошибка валидации, walletId=Id кошелька не может быть пустым}
2024-11-05 10:43:02 - Ошибка валидации: {error=Ошибка валидации, operationType=Тип операции не может быть пустым}
2024-11-05 10:43:02 - Ошибка валидации: {error=Ошибка валидации, amount=Количество средств для операции не может быть пустым}
2024-11-05 10:43:03 - Ошибка валидации: {error=Ошибка валидации, amount=Количество средств для операции должно быть больше 0}
2024-11-05 10:43:03 - Метод deposit был вызван с параметрами 0c7ced59-0cdb-4796-9613-6439459130f7 и 350
2024-11-05 10:43:03 - Метод findById был вызван с параметром 0c7ced59-0cdb-4796-9613-6439459130f7
2024-11-05 10:43:03 - Метод withdraw был вызван с параметрами 98e580d0-0155-4fcf-b325-10a3921e3f51 и 350
2024-11-05 10:43:03 - Метод findById был вызван с параметром 98e580d0-0155-4fcf-b325-10a3921e3f51
2024-11-05 10:43:03 - Метод withdraw был вызван с параметрами c9328799-8c7d-4451-b1df-93ea5f79341a и 1001
2024-11-05 10:43:03 - Метод findById был вызван с параметром c9328799-8c7d-4451-b1df-93ea5f79341a
2024-11-05 10:43:03 - Метод deposit был вызван с параметрами e670b1a7-6863-4cce-928c-3fd16b873958 и null
2024-11-05 10:43:03 - Метод findById был вызван с параметром e670b1a7-6863-4cce-928c-3fd16b873958
2024-11-05 10:43:03 - Метод withdraw был вызван с параметрами 76ce8542-d32d-47fc-9013-b3548967c0d8 и null
2024-11-05 10:43:03 - Метод findById был вызван с параметром 76ce8542-d32d-47fc-9013-b3548967c0d8
2024-11-05 10:43:03 - Метод findById был вызван с параметром 7a2d0c6e-b6d5-414f-a955-a753f1a2c21c
2024-11-05 10:43:03 - Метод deposit был вызван с параметрами e78a0031-0c06-498a-8bf7-6781d17623b9 и 99999999999999999
2024-11-05 10:43:03 - Метод findById был вызван с параметром e78a0031-0c06-498a-8bf7-6781d17623b9
2024-11-05 10:43:03 - Метод findById был вызван с параметром f152e8f1-8a0b-48ed-81df-9c2e867a5c22
2024-11-05 11:39:13 - Starting WalletControllerWebMvcValidationTest using Java 23.0.1 with PID 5048 (started by AGorohov in D:\Projects\restwallet)
2024-11-05 11:39:13 - No active profile set, falling back to 1 default profile: "default"
2024-11-05 11:39:14 - Initializing Spring TestDispatcherServlet ''
2024-11-05 11:39:14 - Initializing Servlet ''
2024-11-05 11:39:14 - Completed initialization in 1 ms
2024-11-05 11:39:14 - Started WalletControllerWebMvcValidationTest in 1.857 seconds (process running for 4.868)
2024-11-05 11:39:15 - Ошибка валидации: {error=Ошибка валидации, walletId=Id кошелька не может быть пустым}
2024-11-05 11:39:15 - Ошибка валидации: {error=Ошибка валидации, operationType=Тип операции не может быть пустым}
2024-11-05 11:39:15 - Ошибка валидации: {error=Ошибка валидации, amount=Количество средств для операции не может быть пустым}
2024-11-05 11:39:15 - Ошибка валидации: {error=Ошибка валидации, amount=Количество средств для операции должно быть больше 0}
2024-11-05 11:39:15 - Метод deposit был вызван с параметрами 64b76309-8539-4051-83ce-4a0de4650b10 и 350
2024-11-05 11:39:15 - Метод findById был вызван с параметром 64b76309-8539-4051-83ce-4a0de4650b10
2024-11-05 11:39:15 - Метод withdraw был вызван с параметрами e544b311-071d-4441-b0a7-b94ef5263349 и 350
2024-11-05 11:39:15 - Метод findById был вызван с параметром e544b311-071d-4441-b0a7-b94ef5263349
2024-11-05 11:39:15 - Метод withdraw был вызван с параметрами eec92086-0f2b-453f-af3f-fe1523073b92 и 1001
2024-11-05 11:39:15 - Метод findById был вызван с параметром eec92086-0f2b-453f-af3f-fe1523073b92
2024-11-05 11:39:15 - Метод deposit был вызван с параметрами a71ccbd8-756a-4882-b99c-d3921b709b8e и null
2024-11-05 11:39:15 - Метод findById был вызван с параметром a71ccbd8-756a-4882-b99c-d3921b709b8e
2024-11-05 11:39:15 - Метод withdraw был вызван с параметрами 4148e4ec-56a1-4297-a4ab-d8ddea14d187 и null
2024-11-05 11:39:15 - Метод findById был вызван с параметром 4148e4ec-56a1-4297-a4ab-d8ddea14d187
2024-11-05 11:39:15 - Метод findById был вызван с параметром 827c960b-149c-4889-9545-e1268b08fdc0
2024-11-05 11:39:15 - Метод deposit был вызван с параметрами 8c82c306-48f3-4ba9-83dc-01c75d7f9729 и 99999999999999999
2024-11-05 11:39:15 - Метод findById был вызван с параметром 8c82c306-48f3-4ba9-83dc-01c75d7f9729
2024-11-05 11:39:15 - Метод findById был вызван с параметром ef8e707e-faa2-4d24-96ae-3dd1955323d8
